[INFO ] 2018-11-04 09:38:03.530 [main] base - Driver has been initialized
[INFO ] 2018-11-04 09:38:14.302 [main] base - Clicked on the close button of the pop-up
[INFO ] 2018-11-04 09:38:17.199 [main] base - Clicked on the loggin button
[INFO ] 2018-11-04 09:38:18.962 [main] base - Clicked on the Sign Up button
[INFO ] 2018-11-04 09:38:19.013 [main] base - Validated 'Email is required' error message
[INFO ] 2018-11-04 09:38:19.371 [main] base - Entered already existing Email ID
[INFO ] 2018-11-04 09:38:20.842 [main] base - Clicked on the Sign Up button
[INFO ] 2018-11-04 09:38:20.881 [main] base - Validated 'Email is already in use' error message
[INFO ] 2018-11-04 09:38:22.223 [main] base - Clicked on the Sign Up button
[INFO ] 2018-11-04 09:38:22.267 [main] base - Validated 'Name is required' error message
[INFO ] 2018-11-04 09:38:23.740 [main] base - Clicked on the Sign Up button
[INFO ] 2018-11-04 09:38:23.805 [main] base - Validated 'Password is required' error message
[INFO ] 2018-11-04 09:38:23.976 [main] base - Entered 5 digit value in the text field
[INFO ] 2018-11-04 09:38:26.061 [main] base - Clicked on the Sign Up button
[INFO ] 2018-11-04 09:38:26.111 [main] base - Validate 'Password is too short (minimum is 6 characters)' error message
[INFO ] 2018-11-04 09:38:26.224 [main] base - Entered 6 digit value in the text field
[INFO ] 2018-11-04 09:38:28.068 [main] base - Clicked on the Sign Up button
[INFO ] 2018-11-04 09:38:28.158 [main] base - Validated 'Password is too short (minimum is 6 characters)' error message' is not shown
[INFO ] 2018-11-04 09:38:28.190 [main] base - Validated 'Password is too short (minimum is 6 characters)' error message' is not shown
[INFO ] 2018-11-04 09:38:28.223 [main] base - Validated 'Password is too short (minimum is 6 characters)' error message' is not shown
[INFO ] 2018-11-04 09:38:28.266 [main] base - Validated 'Password is too short (minimum is 6 characters)' error message' is not shown
[INFO ] 2018-11-04 09:38:28.596 [main] base - Entered the same value for password and confirm password
[INFO ] 2018-11-04 09:38:30.552 [main] base - Clicked on the Sign Up button
[INFO ] 2018-11-04 09:38:30.618 [main] base - Validated 'Password confirmation doesn't match Password' is not shown
[INFO ] 2018-11-04 09:38:30.651 [main] base - Validated 'Password confirmation doesn't match Password' is not shown
[INFO ] 2018-11-04 09:38:30.683 [main] base - Validated 'Password confirmation doesn't match Password' is not shown
[INFO ] 2018-11-04 09:38:30.955 [main] base - Entered different values for password and confirm password
[INFO ] 2018-11-04 09:38:32.718 [main] base - Clicked on the Sign Up button
[ERROR] 2018-11-04 09:38:32.800 [main] base - Validate 'Password confirmation doesn't match Password' error message wasn't shown
[ERROR] 2018-11-04 09:38:32.835 [main] base - Validate 'Password confirmation doesn't match Password' error message wasn't shown
[ERROR] 2018-11-04 09:38:32.868 [main] base - Validate 'Password confirmation doesn't match Password' error message wasn't shown
[ERROR] 2018-11-04 09:38:32.900 [main] base - Validate 'Password confirmation doesn't match Password' error message wasn't shown
[INFO ] 2018-11-04 09:38:34.712 [main] base - Clicked on the Sign Up button
[ERROR] 2018-11-04 09:38:34.804 [main] base - You must agree to the Terms of Use and Privacy Policy error message wasn't shown
[ERROR] 2018-11-04 09:38:34.836 [main] base - You must agree to the Terms of Use and Privacy Policy error message wasn't shown
[ERROR] 2018-11-04 09:38:34.869 [main] base - You must agree to the Terms of Use and Privacy Policy error message wasn't shown
[INFO ] 2018-11-04 09:38:36.297 [main] base - Clicked on the Sign Up button
[INFO ] 2018-11-04 09:38:36.364 [main] base - Validated color of error test message
[INFO ] 2018-11-04 09:38:37.939 [main] base - Clicked on the Sign Up button
[INFO ] 2018-11-04 09:38:37.983 [main] base - Validated background color of error message
[INFO ] 2018-11-04 09:38:39.663 [main] base - Driver has been initialized
[INFO ] 2018-11-04 10:11:01.891 [main] base - Driver has been initialized
[INFO ] 2018-11-04 10:11:13.421 [main] base - Clicked on the close button of the pop-up
[INFO ] 2018-11-04 10:11:16.727 [main] base - Clicked on the loggin button
[INFO ] 2018-11-04 10:11:18.668 [main] base - Clicked on the Sign Up button
[INFO ] 2018-11-04 10:11:18.724 [main] base - Validated 'Email is required' error message
[INFO ] 2018-11-04 10:11:19.078 [main] base - Entered already existing Email ID
[INFO ] 2018-11-04 10:11:20.673 [main] base - Clicked on the Sign Up button
[INFO ] 2018-11-04 10:11:20.756 [main] base - Validated 'Email is already in use' error message
[INFO ] 2018-11-04 10:11:22.578 [main] base - Clicked on the Sign Up button
[INFO ] 2018-11-04 10:11:22.639 [main] base - Validated 'Name is required' error message
[INFO ] 2018-11-04 10:11:24.175 [main] base - Clicked on the Sign Up button
[INFO ] 2018-11-04 10:11:24.260 [main] base - Validated 'Password is required' error message
[INFO ] 2018-11-04 10:11:24.383 [main] base - Entered 5 digit value in the text field
[INFO ] 2018-11-04 10:11:26.177 [main] base - Clicked on the Sign Up button
[INFO ] 2018-11-04 10:11:26.260 [main] base - Validate 'Password is too short (minimum is 6 characters)' error message
[INFO ] 2018-11-04 10:11:26.392 [main] base - Entered 6 digit value in the text field
[INFO ] 2018-11-04 10:11:28.082 [main] base - Clicked on the Sign Up button
[INFO ] 2018-11-04 10:11:28.182 [main] base - Validated 'Password is too short (minimum is 6 characters)' error message' is not shown
[INFO ] 2018-11-04 10:11:28.219 [main] base - Validated 'Password is too short (minimum is 6 characters)' error message' is not shown
[INFO ] 2018-11-04 10:11:28.269 [main] base - Validated 'Password is too short (minimum is 6 characters)' error message' is not shown
[INFO ] 2018-11-04 10:11:28.314 [main] base - Validated 'Password is too short (minimum is 6 characters)' error message' is not shown
[INFO ] 2018-11-04 10:11:28.633 [main] base - Entered the same value for password and confirm password
[INFO ] 2018-11-04 10:11:30.357 [main] base - Clicked on the Sign Up button
[INFO ] 2018-11-04 10:11:30.435 [main] base - Validated 'Password confirmation doesn't match Password' is not shown
[INFO ] 2018-11-04 10:11:30.492 [main] base - Validated 'Password confirmation doesn't match Password' is not shown
[INFO ] 2018-11-04 10:11:30.524 [main] base - Validated 'Password confirmation doesn't match Password' is not shown
[INFO ] 2018-11-04 10:11:30.825 [main] base - Entered different values for password and confirm password
[INFO ] 2018-11-04 10:11:32.690 [main] base - Clicked on the Sign Up button
[ERROR] 2018-11-04 10:11:32.775 [main] base - Validate 'Password confirmation doesn't match Password' error message wasn't shown
[ERROR] 2018-11-04 10:11:32.814 [main] base - Validate 'Password confirmation doesn't match Password' error message wasn't shown
[ERROR] 2018-11-04 10:11:32.849 [main] base - Validate 'Password confirmation doesn't match Password' error message wasn't shown
[ERROR] 2018-11-04 10:11:32.880 [main] base - Validate 'Password confirmation doesn't match Password' error message wasn't shown
[INFO ] 2018-11-04 10:11:34.474 [main] base - Clicked on the Sign Up button
[ERROR] 2018-11-04 10:11:34.554 [main] base - You must agree to the Terms of Use and Privacy Policy error message wasn't shown
[ERROR] 2018-11-04 10:11:34.606 [main] base - You must agree to the Terms of Use and Privacy Policy error message wasn't shown
[ERROR] 2018-11-04 10:11:34.637 [main] base - You must agree to the Terms of Use and Privacy Policy error message wasn't shown
[INFO ] 2018-11-04 10:11:36.239 [main] base - Clicked on the Sign Up button
[INFO ] 2018-11-04 10:11:36.314 [main] base - Validated color of error test message
[INFO ] 2018-11-04 10:11:37.795 [main] base - Clicked on the Sign Up button
[INFO ] 2018-11-04 10:11:37.877 [main] base - Validated background color of error message
[INFO ] 2018-11-04 10:11:39.545 [main] base - Driver has been initialized
[INFO ] 2018-11-04 10:11:58.913 [main] base - Advertisement Pop-Up Closed
[INFO ] 2018-11-04 10:11:59.005 [main] base - Home Tab in the Landing page has been verified
[INFO ] 2018-11-04 10:11:59.055 [main] base - Course Tab in the Landing page has been verified
[INFO ] 2018-11-04 10:11:59.106 [main] base - Videos Tab in the Landing page has been verified
[INFO ] 2018-11-04 10:11:59.188 [main] base - Interview Guide Tab in the Landing page has been verified
[INFO ] 2018-11-04 10:11:59.246 [main] base - Practice Tab in the Landing page has been verified
[INFO ] 2018-11-04 10:11:59.340 [main] base - Blog Tab in the Landing page has been verified
[INFO ] 2018-11-04 10:11:59.406 [main] base - About Tab in the Landing page has been verified
[INFO ] 2018-11-04 10:11:59.600 [main] base - Verified the link in the image is as expected
[INFO ] 2018-11-04 10:11:59.807 [main] base - Verified the link in the image is as expected
[INFO ] 2018-11-04 10:11:59.929 [main] base - Verified the link in the text is as expected
[INFO ] 2018-11-04 10:12:00.094 [main] base - Verified the link in the image is as expected
[INFO ] 2018-11-04 10:12:00.137 [main] base - Verified if the discount price is as expected
[INFO ] 2018-11-04 10:12:00.181 [main] base - Verified if the actual cost of the course is as expected
[INFO ] 2018-11-04 10:12:01.024 [main] base - Contact Tab in the Landing page has been verified
[INFO ] 2018-11-04 10:12:03.637 [main] base - Validated QAcademy's About page link on HomePage navigation bar
[INFO ] 2018-11-04 10:12:05.810 [main] base - Contact Tab in the Landing page has been verified
[INFO ] 2018-11-04 10:12:09.560 [main] base - Validated QAcademy's Blog page link on HomePage navigation bar
[INFO ] 2018-11-04 10:12:10.882 [main] base - Contact Tab in the Landing page has been verified
[INFO ] 2018-11-04 10:12:11.688 [main] base - Validated QAcademy's Contact page link on HomePage navigation bar
[INFO ] 2018-11-04 10:12:12.301 [main] base - Contact Tab in the Landing page has been verified
[INFO ] 2018-11-04 10:12:16.343 [main] base - Validated QAcademy's Courses page link on HomePage navigation bar
[INFO ] 2018-11-04 10:12:17.588 [main] base - Contact Tab in the Landing page has been verified
[INFO ] 2018-11-04 10:12:19.040 [main] base - Validated QAcademy's Home page link on HomePage navigation bar
[INFO ] 2018-11-04 10:12:20.010 [main] base - Contact Tab in the Landing page has been verified
[INFO ] 2018-11-04 10:12:21.278 [main] base - Validated QAcademy's Interview Guide page link on HomePage navigation bar
[INFO ] 2018-11-04 10:12:22.194 [main] base - Contact Tab in the Landing page has been verified
[INFO ] 2018-11-04 10:12:24.244 [main] base - Validated QAcademy's Practice page link on HomePage navigation bar
[INFO ] 2018-11-04 10:12:25.053 [main] base - Contact Tab in the Landing page has been verified
[INFO ] 2018-11-04 10:12:26.301 [main] base - Validated QAcademy's Videos page link on HomePage navigation bar
[INFO ] 2018-11-04 10:12:29.088 [main] base - Driver has been initialized
[INFO ] 2018-11-04 10:12:43.576 [main] base - Clicked on the loggin button in the home page
[INFO ] 2018-11-04 10:12:43.875 [main] base - Inserted username and password
[INFO ] 2018-11-04 10:12:45.674 [main] base - clicked on the Login button in the login page
[INFO ] 2018-11-04 10:12:45.719 [main] base - Validate if invalid username password has been displayed
[INFO ] 2018-11-04 10:12:45.808 [main] base - Clicked on the loggin button in the home page
[INFO ] 2018-11-04 10:12:45.811 [main] base - Clicked on the loggin button in the home page
[INFO ] 2018-11-04 10:12:45.858 [main] base - Validated color of error test message
[INFO ] 2018-11-04 10:12:45.889 [main] base - Validated background color of error message
[INFO ] 2018-11-04 10:12:47.749 [main] base - Validated the forget password link in the login page.
[INFO ] 2018-11-04 10:13:06.083 [main] base - Entered into contact page from homepage
[INFO ] 2018-11-04 10:13:06.202 [main] base - Validated contact details lable
[INFO ] 2018-11-04 10:13:06.267 [main] base - Validated contact address
[INFO ] 2018-11-04 10:13:06.336 [main] base - Validated contact phone number
[INFO ] 2018-11-04 10:13:06.449 [main] base - Validate first Email ID
[INFO ] 2018-11-04 10:13:06.595 [main] base - Validate Second Email ID
[INFO ] 2018-11-04 10:13:09.622 [main] base - Driver has been initialized
[INFO ] 2018-11-04 10:16:44.280 [main] base - Driver has been initialized
[INFO ] 2018-11-04 10:17:02.294 [main] base - Advertisement Pop-Up Closed
[INFO ] 2018-11-04 10:17:02.344 [main] base - Home Tab in the Landing page has been verified
[INFO ] 2018-11-04 10:17:02.382 [main] base - Course Tab in the Landing page has been verified
[INFO ] 2018-11-04 10:17:02.426 [main] base - Videos Tab in the Landing page has been verified
[INFO ] 2018-11-04 10:17:02.483 [main] base - Interview Guide Tab in the Landing page has been verified
[INFO ] 2018-11-04 10:17:02.520 [main] base - Practice Tab in the Landing page has been verified
[INFO ] 2018-11-04 10:17:02.556 [main] base - Blog Tab in the Landing page has been verified
[INFO ] 2018-11-04 10:17:02.598 [main] base - About Tab in the Landing page has been verified
[INFO ] 2018-11-04 10:17:02.700 [main] base - Verified the link in the image is as expected
[INFO ] 2018-11-04 10:17:02.825 [main] base - Verified the link in the image is as expected
[INFO ] 2018-11-04 10:17:02.938 [main] base - Verified the link in the text is as expected
[INFO ] 2018-11-04 10:17:03.053 [main] base - Verified the link in the image is as expected
[INFO ] 2018-11-04 10:17:03.112 [main] base - Verified if the discount price is as expected
[INFO ] 2018-11-04 10:17:03.165 [main] base - Verified if the actual cost of the course is as expected
[INFO ] 2018-11-04 10:17:03.875 [main] base - Contact Tab in the Landing page has been verified
[INFO ] 2018-11-04 10:17:06.290 [main] base - Validated QAcademy's About page link on HomePage navigation bar
[INFO ] 2018-11-04 10:17:07.690 [main] base - Contact Tab in the Landing page has been verified
[INFO ] 2018-11-04 10:17:11.143 [main] base - Validated QAcademy's Blog page link on HomePage navigation bar
[INFO ] 2018-11-04 10:17:12.743 [main] base - Contact Tab in the Landing page has been verified
[INFO ] 2018-11-04 10:17:13.676 [main] base - Validated QAcademy's Contact page link on HomePage navigation bar
[INFO ] 2018-11-04 10:17:14.422 [main] base - Contact Tab in the Landing page has been verified
[INFO ] 2018-11-04 10:17:18.973 [main] base - Validated QAcademy's Courses page link on HomePage navigation bar
[INFO ] 2018-11-04 10:17:20.005 [main] base - Contact Tab in the Landing page has been verified
[INFO ] 2018-11-04 10:17:21.689 [main] base - Validated QAcademy's Home page link on HomePage navigation bar
[INFO ] 2018-11-04 10:17:22.304 [main] base - Contact Tab in the Landing page has been verified
[INFO ] 2018-11-04 10:17:23.513 [main] base - Validated QAcademy's Interview Guide page link on HomePage navigation bar
[INFO ] 2018-11-04 10:17:24.004 [main] base - Contact Tab in the Landing page has been verified
[INFO ] 2018-11-04 10:17:25.845 [main] base - Validated QAcademy's Practice page link on HomePage navigation bar
[INFO ] 2018-11-04 10:17:26.727 [main] base - Contact Tab in the Landing page has been verified
[INFO ] 2018-11-04 10:17:28.042 [main] base - Validated QAcademy's Videos page link on HomePage navigation bar
[INFO ] 2018-11-04 10:33:31.354 [main] base - Driver has been initialized
[INFO ] 2018-11-04 10:34:19.515 [main] base - Advertisement Pop-Up Closed
[INFO ] 2018-11-04 10:34:19.561 [main] base - Home Tab in the Landing page has been verified
[INFO ] 2018-11-04 10:34:19.602 [main] base - Course Tab in the Landing page has been verified
[INFO ] 2018-11-04 10:34:19.643 [main] base - Videos Tab in the Landing page has been verified
[INFO ] 2018-11-04 10:34:19.702 [main] base - Interview Guide Tab in the Landing page has been verified
[INFO ] 2018-11-04 10:34:19.741 [main] base - Practice Tab in the Landing page has been verified
[INFO ] 2018-11-04 10:34:19.783 [main] base - Blog Tab in the Landing page has been verified
[INFO ] 2018-11-04 10:34:19.825 [main] base - About Tab in the Landing page has been verified
[INFO ] 2018-11-04 10:34:19.911 [main] base - Verified the link in the image is as expected
[INFO ] 2018-11-04 10:34:20.051 [main] base - Verified the link in the image is as expected
[INFO ] 2018-11-04 10:34:20.153 [main] base - Verified the link in the text is as expected
[INFO ] 2018-11-04 10:34:20.281 [main] base - Verified the link in the image is as expected
[INFO ] 2018-11-04 10:34:20.325 [main] base - Verified if the discount price is as expected
[INFO ] 2018-11-04 10:34:20.353 [main] base - Verified if the actual cost of the course is as expected
[INFO ] 2018-11-04 10:34:21.360 [main] base - Contact Tab in the Landing page has been verified
[INFO ] 2018-11-04 10:34:23.472 [main] base - Validated QAcademy's About page link on HomePage navigation bar
[INFO ] 2018-11-04 10:34:25.045 [main] base - Contact Tab in the Landing page has been verified
[INFO ] 2018-11-04 10:34:27.941 [main] base - Validated QAcademy's Blog page link on HomePage navigation bar
[INFO ] 2018-11-04 10:34:29.242 [main] base - Contact Tab in the Landing page has been verified
[INFO ] 2018-11-04 10:34:30.061 [main] base - Validated QAcademy's Contact page link on HomePage navigation bar
[INFO ] 2018-11-04 10:34:30.826 [main] base - Contact Tab in the Landing page has been verified
[INFO ] 2018-11-04 10:34:34.275 [main] base - Validated QAcademy's Courses page link on HomePage navigation bar
[INFO ] 2018-11-04 10:34:35.388 [main] base - Contact Tab in the Landing page has been verified
[INFO ] 2018-11-04 10:34:36.805 [main] base - Validated QAcademy's Home page link on HomePage navigation bar
[INFO ] 2018-11-04 10:34:37.394 [main] base - Contact Tab in the Landing page has been verified
[INFO ] 2018-11-04 10:34:38.531 [main] base - Validated QAcademy's Interview Guide page link on HomePage navigation bar
[INFO ] 2018-11-04 10:34:39.225 [main] base - Contact Tab in the Landing page has been verified
[INFO ] 2018-11-04 10:34:41.047 [main] base - Validated QAcademy's Practice page link on HomePage navigation bar
[INFO ] 2018-11-04 10:34:42.052 [main] base - Contact Tab in the Landing page has been verified
[INFO ] 2018-11-04 10:34:43.094 [main] base - Validated QAcademy's Videos page link on HomePage navigation bar
