[INFO ] 2018-08-09 22:32:55.921 [main] base - Driver has been initialized
[INFO ] 2018-08-09 22:33:11.846 [main] base - Clicked on the loggin button in the home page
[INFO ] 2018-08-09 22:33:12.265 [main] base - Inserted username and password
[INFO ] 2018-08-09 22:33:13.422 [main] base - clicked on the Login button in the login page
[INFO ] 2018-08-09 22:33:13.476 [main] base - Validate if invalid username password has been displayed
[INFO ] 2018-08-09 22:33:13.575 [main] base - Clicked on the loggin button in the home page
[INFO ] 2018-08-09 22:33:13.577 [main] base - Clicked on the loggin button in the home page
[INFO ] 2018-08-09 22:33:13.662 [main] base - Validated color of error test message
[INFO ] 2018-08-09 22:33:13.713 [main] base - Validated background color of error message
[INFO ] 2018-08-09 22:33:14.505 [main] base - Validated the forget password link in the login page.
[INFO ] 2018-08-09 22:36:35.296 [main] base - Driver has been initialized
[INFO ] 2018-08-09 22:36:50.256 [main] base - Clicked on the loggin button in the home page
[INFO ] 2018-08-09 22:36:50.760 [main] base - Inserted username and password
[INFO ] 2018-08-09 22:36:52.444 [main] base - clicked on the Login button in the login page
[INFO ] 2018-08-09 22:36:52.501 [main] base - Validate if invalid username password has been displayed
[INFO ] 2018-08-09 22:36:52.629 [main] base - Clicked on the loggin button in the home page
[INFO ] 2018-08-09 22:36:52.641 [main] base - Clicked on the loggin button in the home page
[INFO ] 2018-08-09 22:36:52.728 [main] base - Validated color of error test message
[INFO ] 2018-08-09 22:36:52.824 [main] base - Validated background color of error message
[INFO ] 2018-08-09 22:36:53.961 [main] base - Validated the forget password link in the login page.
[INFO ] 2018-08-09 22:39:59.744 [main] base - Driver has been initialized
[INFO ] 2018-08-09 22:40:14.652 [main] base - Clicked on the loggin button in the home page
[INFO ] 2018-08-09 22:40:15.089 [main] base - Inserted username and password
[INFO ] 2018-08-09 22:40:16.283 [main] base - clicked on the Login button in the login page
[INFO ] 2018-08-09 22:40:16.340 [main] base - Validate if invalid username password has been displayed
[INFO ] 2018-08-09 22:40:16.439 [main] base - Clicked on the loggin button in the home page
[INFO ] 2018-08-09 22:40:16.454 [main] base - Clicked on the loggin button in the home page
[INFO ] 2018-08-09 22:40:16.587 [main] base - Validated color of error test message
[INFO ] 2018-08-09 22:40:16.651 [main] base - Validated background color of error message
[INFO ] 2018-08-09 22:40:17.487 [main] base - Validated the forget password link in the login page.
[INFO ] 2018-08-09 22:49:03.683 [main] base - Driver has been initialized
[INFO ] 2018-08-09 22:49:18.232 [main] base - Clicked on the loggin button in the home page
[INFO ] 2018-08-09 22:49:18.513 [main] base - Inserted username and password
[INFO ] 2018-08-09 22:49:19.579 [main] base - clicked on the Login button in the login page
[INFO ] 2018-08-09 22:49:19.625 [main] base - Validate if invalid username password has been displayed
[INFO ] 2018-08-09 22:49:19.718 [main] base - Clicked on the loggin button in the home page
[INFO ] 2018-08-09 22:49:19.724 [main] base - Clicked on the loggin button in the home page
[INFO ] 2018-08-09 22:49:19.781 [main] base - Validated color of error test message
[INFO ] 2018-08-09 22:49:19.818 [main] base - Validated background color of error message
[INFO ] 2018-08-09 22:49:20.578 [main] base - Validated the forget password link in the login page.
[INFO ] 2018-08-09 22:51:27.627 [main] base - Driver has been initialized
[INFO ] 2018-08-09 22:51:41.934 [main] base - Clicked on the loggin button in the home page
[INFO ] 2018-08-09 22:51:42.292 [main] base - Inserted username and password
[INFO ] 2018-08-09 22:51:43.723 [main] base - clicked on the Login button in the login page
[INFO ] 2018-08-09 22:51:43.779 [main] base - Validate if invalid username password has been displayed
[INFO ] 2018-08-09 22:51:43.904 [main] base - Clicked on the loggin button in the home page
[INFO ] 2018-08-09 22:51:43.907 [main] base - Clicked on the loggin button in the home page
[INFO ] 2018-08-09 22:51:43.992 [main] base - Validated color of error test message
[INFO ] 2018-08-09 22:51:44.047 [main] base - Validated background color of error message
[INFO ] 2018-08-09 22:51:44.924 [main] base - Validated the forget password link in the login page.
[INFO ] 2018-08-09 22:55:06.721 [main] base - Driver has been initialized
[INFO ] 2018-08-09 22:55:20.780 [main] base - Clicked on the loggin button in the home page
[INFO ] 2018-08-09 22:55:21.106 [main] base - Inserted username and password
[INFO ] 2018-08-09 22:55:22.156 [main] base - clicked on the Login button in the login page
[INFO ] 2018-08-09 22:55:22.206 [main] base - Validate if invalid username password has been displayed
[INFO ] 2018-08-09 22:55:22.297 [main] base - Clicked on the loggin button in the home page
[INFO ] 2018-08-09 22:55:22.301 [main] base - Clicked on the loggin button in the home page
[INFO ] 2018-08-09 22:55:22.364 [main] base - Validated color of error test message
[INFO ] 2018-08-09 22:55:22.396 [main] base - Validated background color of error message
[INFO ] 2018-08-09 22:55:23.335 [main] base - Validated the forget password link in the login page.
[INFO ] 2018-08-09 22:59:52.964 [main] base - Driver has been initialized
[INFO ] 2018-08-09 23:00:06.980 [main] base - Clicked on the loggin button in the home page
[INFO ] 2018-08-09 23:00:07.330 [main] base - Inserted username and password
[INFO ] 2018-08-09 23:00:08.399 [main] base - clicked on the Login button in the login page
[INFO ] 2018-08-09 23:00:08.449 [main] base - Validate if invalid username password has been displayed
[INFO ] 2018-08-09 23:00:08.549 [main] base - Clicked on the loggin button in the home page
[INFO ] 2018-08-09 23:00:08.561 [main] base - Clicked on the loggin button in the home page
[INFO ] 2018-08-09 23:00:08.608 [main] base - Validated color of error test message
[INFO ] 2018-08-09 23:00:08.649 [main] base - Validated background color of error message
[INFO ] 2018-08-09 23:00:09.439 [main] base - Validated the forget password link in the login page.
[INFO ] 2018-08-09 23:03:41.266 [main] base - Driver has been initialized
[INFO ] 2018-08-09 23:03:55.949 [main] base - Clicked on the loggin button in the home page
[INFO ] 2018-08-09 23:03:56.217 [main] base - Inserted username and password
[INFO ] 2018-08-09 23:03:57.256 [main] base - clicked on the Login button in the login page
[INFO ] 2018-08-09 23:03:57.302 [main] base - Validate if invalid username password has been displayed
[INFO ] 2018-08-09 23:03:57.389 [main] base - Clicked on the loggin button in the home page
[INFO ] 2018-08-09 23:03:57.394 [main] base - Clicked on the loggin button in the home page
[INFO ] 2018-08-09 23:03:57.441 [main] base - Validated color of error test message
[INFO ] 2018-08-09 23:03:57.478 [main] base - Validated background color of error message
[INFO ] 2018-08-09 23:03:58.499 [main] base - Validated the forget password link in the login page.
[INFO ] 2018-08-09 23:40:36.235 [main] base - Driver has been initialized
[INFO ] 2018-08-09 23:40:51.469 [main] base - Clicked on the loggin button in the home page
[INFO ] 2018-08-09 23:40:51.786 [main] base - Inserted username and password
[INFO ] 2018-08-09 23:40:52.793 [main] base - clicked on the Login button in the login page
[INFO ] 2018-08-09 23:40:52.842 [main] base - Validate if invalid username password has been displayed
[INFO ] 2018-08-09 23:40:52.921 [main] base - Clicked on the loggin button in the home page
[INFO ] 2018-08-09 23:40:52.924 [main] base - Clicked on the loggin button in the home page
[INFO ] 2018-08-09 23:40:52.989 [main] base - Validated color of error test message
[INFO ] 2018-08-09 23:40:53.032 [main] base - Validated background color of error message
[INFO ] 2018-08-09 23:40:53.748 [main] base - Validated the forget password link in the login page.
[INFO ] 2018-08-09 23:42:40.469 [main] base - Driver has been initialized
[INFO ] 2018-08-09 23:42:53.861 [main] base - Clicked on the loggin button in the home page
[INFO ] 2018-08-09 23:42:54.159 [main] base - Inserted username and password
[INFO ] 2018-08-09 23:42:55.220 [main] base - clicked on the Login button in the login page
[INFO ] 2018-08-09 23:42:55.271 [main] base - Validate if invalid username password has been displayed
[INFO ] 2018-08-09 23:42:55.347 [main] base - Clicked on the loggin button in the home page
[INFO ] 2018-08-09 23:42:55.357 [main] base - Clicked on the loggin button in the home page
[INFO ] 2018-08-09 23:42:55.431 [main] base - Validated color of error test message
[INFO ] 2018-08-09 23:42:55.465 [main] base - Validated background color of error message
[INFO ] 2018-08-09 23:42:56.156 [main] base - Validated the forget password link in the login page.
