[INFO ] 2018-10-06 07:45:36.785 [main] base - Driver has been initialized
[INFO ] 2018-10-06 07:45:56.182 [main] base - Driver has been initialized
[INFO ] 2018-10-06 08:07:23.057 [main] base - Driver has been initialized
[INFO ] 2018-10-06 08:08:57.688 [main] base - Driver has been initialized
[INFO ] 2018-10-06 08:09:16.182 [main] base - Validated Practice page link on HomePage
[INFO ] 2018-10-06 08:09:16.202 [main] base - Moved into Practice page
[INFO ] 2018-10-06 08:09:16.339 [main] base - Verified radio button title tag
[INFO ] 2018-10-06 08:09:16.639 [main] base - Verified Suggestion Class Textbox title tag
[INFO ] 2018-10-06 08:09:17.010 [main] base - Verified dropdown button title tag
[INFO ] 2018-10-06 08:09:17.052 [main] base - Verified checkbox lable
[INFO ] 2018-10-06 08:09:17.178 [main] base - Validate checkbox option one is selected
[INFO ] 2018-10-06 08:09:17.301 [main] base - Validate checkbox option two is selected
[INFO ] 2018-10-06 08:09:17.409 [main] base - Validate checkbox option three is selected
[INFO ] 2018-10-06 08:09:17.459 [main] base - Verified Switch Window title tag
[INFO ] 2018-10-06 08:09:17.920 [main] base - Verified Switch Window title tag
[INFO ] 2018-10-06 08:09:18.464 [main] base - Verified Switch Window title tag
[INFO ] 2018-10-06 08:09:18.943 [main] base - Verified Element Displayed title tag
[INFO ] 2018-10-06 08:09:19.100 [main] base - Validated hide button
[INFO ] 2018-10-06 08:09:19.201 [main] base - Validated show button
[INFO ] 2018-10-06 08:09:19.258 [main] base - Verified Switch Window title tag
[INFO ] 2018-10-06 08:09:19.677 [main] base - Verified Mouse Hover title tag
[INFO ] 2018-10-06 08:09:19.869 [main] base - Verified Mouse Hovertop button
[INFO ] 2018-10-06 08:09:22.021 [main] base - Verified Mouse Hovertop reload
[INFO ] 2018-10-06 08:10:29.186 [main] base - Driver has been initialized
[INFO ] 2018-10-06 08:10:48.099 [main] base - Validated Practice page link on HomePage
[INFO ] 2018-10-06 08:10:48.124 [main] base - Moved into Practice page
[INFO ] 2018-10-06 08:10:48.177 [main] base - Verified radio button title tag
[INFO ] 2018-10-06 08:10:48.466 [main] base - Verified Suggestion Class Textbox title tag
[INFO ] 2018-10-06 08:10:48.721 [main] base - Verified dropdown button title tag
[INFO ] 2018-10-06 08:10:48.763 [main] base - Verified checkbox lable
[INFO ] 2018-10-06 08:10:48.953 [main] base - Validate checkbox option one is selected
[INFO ] 2018-10-06 08:10:49.062 [main] base - Validate checkbox option two is selected
[INFO ] 2018-10-06 08:10:49.180 [main] base - Validate checkbox option three is selected
[INFO ] 2018-10-06 08:10:49.225 [main] base - Verified Switch Window title tag
[INFO ] 2018-10-06 08:10:49.691 [main] base - Verified Switch Window title tag
[INFO ] 2018-10-06 08:10:50.221 [main] base - Verified Switch Window title tag
[INFO ] 2018-10-06 08:10:50.690 [main] base - Verified Element Displayed title tag
[INFO ] 2018-10-06 08:10:50.845 [main] base - Validated hide button
[INFO ] 2018-10-06 08:10:50.992 [main] base - Validated show button
[INFO ] 2018-10-06 08:10:51.024 [main] base - Verified Switch Window title tag
[INFO ] 2018-10-06 08:10:51.363 [main] base - Verified Mouse Hover title tag
[INFO ] 2018-10-06 08:10:51.562 [main] base - Verified Mouse Hovertop button
[INFO ] 2018-10-06 08:10:53.570 [main] base - Verified Mouse Hovertop reload
[INFO ] 2018-10-06 08:18:38.810 [main] base - Driver has been initialized
[INFO ] 2018-10-06 08:26:35.268 [main] base - Validated Practice page link on HomePage
[INFO ] 2018-10-06 08:26:35.288 [main] base - Moved into Practice page
[INFO ] 2018-10-06 08:26:35.446 [main] base - Verified radio button title tag
[INFO ] 2018-10-06 08:26:35.780 [main] base - Verified Suggestion Class Textbox title tag
[INFO ] 2018-10-06 08:26:36.226 [main] base - Verified dropdown button title tag
[INFO ] 2018-10-06 08:26:36.267 [main] base - Verified checkbox lable
[INFO ] 2018-10-06 08:26:36.377 [main] base - Validate checkbox option one is selected
[INFO ] 2018-10-06 08:26:36.499 [main] base - Validate checkbox option two is selected
[INFO ] 2018-10-06 08:26:36.602 [main] base - Validate checkbox option three is selected
[INFO ] 2018-10-06 08:26:36.649 [main] base - Verified Switch Window title tag
[INFO ] 2018-10-06 08:26:37.185 [main] base - Verified Switch Window title tag
[INFO ] 2018-10-06 08:26:37.751 [main] base - Verified Switch Window title tag
[INFO ] 2018-10-06 08:26:38.267 [main] base - Verified Element Displayed title tag
[INFO ] 2018-10-06 08:26:38.495 [main] base - Validated hide button
[INFO ] 2018-10-06 08:26:38.623 [main] base - Validated show button
[INFO ] 2018-10-06 08:26:38.654 [main] base - Verified Switch Window title tag
[INFO ] 2018-10-06 08:26:39.023 [main] base - Verified Mouse Hover title tag
[INFO ] 2018-10-06 08:26:39.259 [main] base - Verified Mouse Hovertop button
[INFO ] 2018-10-06 08:26:41.200 [main] base - Verified Mouse Hovertop reload
[INFO ] 2018-10-06 08:49:42.985 [main] base - Driver has been initialized
[INFO ] 2018-10-06 08:50:01.966 [main] base - Validated Practice page link on HomePage
[INFO ] 2018-10-06 08:50:01.983 [main] base - Moved into Practice page
[INFO ] 2018-10-06 08:50:02.031 [main] base - Verified radio button title tag
[INFO ] 2018-10-06 08:50:02.354 [main] base - Verified Suggestion Class Textbox title tag
[INFO ] 2018-10-06 08:50:02.640 [main] base - Verified dropdown button title tag
[INFO ] 2018-10-06 08:50:02.762 [main] base - Verified checkbox lable
[INFO ] 2018-10-06 08:50:02.889 [main] base - Validate checkbox option one is selected
[INFO ] 2018-10-06 08:50:03.004 [main] base - Validate checkbox option two is selected
[INFO ] 2018-10-06 08:50:03.133 [main] base - Validate checkbox option three is selected
[INFO ] 2018-10-06 08:50:03.176 [main] base - Verified Switch Window title tag
[INFO ] 2018-10-06 08:50:03.697 [main] base - Verified Switch Window title tag
[INFO ] 2018-10-06 08:50:04.243 [main] base - Verified Switch Window title tag
[INFO ] 2018-10-06 08:50:04.728 [main] base - Verified Element Displayed title tag
[INFO ] 2018-10-06 08:50:04.923 [main] base - Validated hide button
[INFO ] 2018-10-06 08:50:05.061 [main] base - Validated show button
[INFO ] 2018-10-06 08:50:05.085 [main] base - Verified Switch Window title tag
[INFO ] 2018-10-06 08:50:05.400 [main] base - Verified Mouse Hover title tag
[INFO ] 2018-10-06 08:50:05.619 [main] base - Verified Mouse Hovertop button
[INFO ] 2018-10-06 08:50:07.606 [main] base - Verified Mouse Hovertop reload
[INFO ] 2018-10-06 08:50:36.073 [main] base - Driver has been initialized
[INFO ] 2018-10-06 08:52:38.227 [main] base - Driver has been initialized
[INFO ] 2018-10-06 08:53:38.158 [main] base - Driver has been initialized
[INFO ] 2018-10-06 10:53:40.083 [main] base - Verified dropdown button title tag
[INFO ] 2018-10-06 10:56:22.821 [main] base - Driver has been initialized
[INFO ] 2018-10-06 11:00:54.328 [main] base - Driver has been initialized
[INFO ] 2018-10-06 11:02:06.565 [main] base - Driver has been initialized
[INFO ] 2018-10-06 11:03:49.512 [main] base - Driver has been initialized
[INFO ] 2018-10-06 11:04:14.344 [main] base - Validated Practice page link on HomePage
[INFO ] 2018-10-06 11:04:14.383 [main] base - Moved into Practice page
[INFO ] 2018-10-06 11:04:14.584 [main] base - Verified radio button title tag
[INFO ] 2018-10-06 11:04:15.067 [main] base - Verified Suggestion Class Textbox title tag
[INFO ] 2018-10-06 11:04:15.393 [main] base - Verified dropdown button title tag
[INFO ] 2018-10-06 11:04:15.436 [main] base - Verified checkbox lable
[INFO ] 2018-10-06 11:04:15.545 [main] base - Validate checkbox option one is selected
[INFO ] 2018-10-06 11:04:15.685 [main] base - Validate checkbox option two is selected
[INFO ] 2018-10-06 11:04:15.801 [main] base - Validate checkbox option three is selected
[INFO ] 2018-10-06 11:04:15.849 [main] base - Verified Switch Window title tag
[INFO ] 2018-10-06 11:04:16.277 [main] base - Verified Switch Window title tag
[INFO ] 2018-10-06 11:04:16.848 [main] base - Verified Switch Window title tag
[INFO ] 2018-10-06 11:04:17.332 [main] base - Verified Element Displayed title tag
[INFO ] 2018-10-06 11:04:17.540 [main] base - Validated hide button
[INFO ] 2018-10-06 11:04:17.653 [main] base - Validated show button
[INFO ] 2018-10-06 11:04:17.682 [main] base - Verified Switch Window title tag
[INFO ] 2018-10-06 11:04:18.001 [main] base - Verified Mouse Hover title tag
[INFO ] 2018-10-06 11:04:18.229 [main] base - Verified Mouse Hovertop button
[INFO ] 2018-10-06 11:04:20.389 [main] base - Verified Mouse Hovertop reload
[INFO ] 2018-10-06 11:26:55.153 [main] base - Driver has been initialized
[INFO ] 2018-10-06 11:31:41.677 [main] base - Driver has been initialized
[INFO ] 2018-10-06 11:45:37.744 [main] base - Driver has been initialized
[INFO ] 2018-10-06 11:45:52.014 [main] base - Validated Practice page link on HomePage
[INFO ] 2018-10-06 11:45:52.048 [main] base - Moved into Practice page
[INFO ] 2018-10-06 11:46:47.586 [main] base - Driver has been initialized
[INFO ] 2018-10-06 11:47:01.296 [main] base - Validated Practice page link on HomePage
[INFO ] 2018-10-06 11:47:01.311 [main] base - Moved into Practice page
[INFO ] 2018-10-06 11:47:01.370 [main] base - Verified dropdown button title tag
[INFO ] 2018-10-06 11:47:01.842 [main] base - Validated dropdown option 1
[INFO ] 2018-10-06 11:47:01.967 [main] base - Validated dropdown option 2
[INFO ] 2018-10-06 11:47:02.068 [main] base - Validated dropdown option 3
[INFO ] 2018-10-06 11:47:02.155 [main] base - Verified radio button title tag
[INFO ] 2018-10-06 11:47:02.452 [main] base - Verified Suggestion Class Textbox title tag
[INFO ] 2018-10-06 11:47:02.712 [main] base - Verified dropdown button title tag
[INFO ] 2018-10-06 11:47:02.750 [main] base - Verified checkbox lable
[INFO ] 2018-10-06 11:47:02.852 [main] base - Validate checkbox option one is selected
[INFO ] 2018-10-06 11:47:02.948 [main] base - Validate checkbox option two is selected
[INFO ] 2018-10-06 11:47:03.053 [main] base - Validate checkbox option three is selected
[INFO ] 2018-10-06 11:47:03.097 [main] base - Verified Switch Window title tag
[INFO ] 2018-10-06 11:47:03.630 [main] base - Verified Switch Window title tag
[INFO ] 2018-10-06 11:47:04.118 [main] base - Verified Switch Window title tag
[INFO ] 2018-10-06 11:47:04.597 [main] base - Verified Element Displayed title tag
[INFO ] 2018-10-06 11:47:04.780 [main] base - Validated hide button
[INFO ] 2018-10-06 11:47:04.899 [main] base - Validated show button
[INFO ] 2018-10-06 11:47:04.923 [main] base - Verified Switch Window title tag
[INFO ] 2018-10-06 11:47:05.228 [main] base - Verified Mouse Hover title tag
[INFO ] 2018-10-06 11:47:05.412 [main] base - Verified Mouse Hovertop button
[INFO ] 2018-10-06 11:47:07.452 [main] base - Verified Mouse Hovertop reload
[INFO ] 2018-10-06 11:57:12.499 [main] base - Driver has been initialized
[INFO ] 2018-10-06 11:57:26.001 [main] base - Driver has been initialized
[INFO ] 2018-10-06 11:57:49.281 [main] base - Driver has been initialized
[INFO ] 2018-10-06 11:58:00.020 [main] base - Clicked on the close button of the pop-up
[INFO ] 2018-10-06 11:58:02.811 [main] base - Clicked on the loggin button
[INFO ] 2018-10-06 11:58:04.120 [main] base - Clicked on the Sign Up button
[INFO ] 2018-10-06 11:58:04.162 [main] base - Validated 'Email is required' error message
[INFO ] 2018-10-06 11:58:04.421 [main] base - Entered already existing Email ID
[INFO ] 2018-10-06 11:58:05.410 [main] base - Clicked on the Sign Up button
[INFO ] 2018-10-06 11:58:05.447 [main] base - Validated 'Email is already in use' error message
[INFO ] 2018-10-06 11:58:06.546 [main] base - Clicked on the Sign Up button
[INFO ] 2018-10-06 11:58:06.591 [main] base - Validated 'Name is required' error message
[INFO ] 2018-10-06 11:58:07.490 [main] base - Clicked on the Sign Up button
[INFO ] 2018-10-06 11:58:07.532 [main] base - Validated 'Password is required' error message
[INFO ] 2018-10-06 11:58:07.625 [main] base - Entered 5 digit value in the text field
[INFO ] 2018-10-06 11:58:08.710 [main] base - Clicked on the Sign Up button
[INFO ] 2018-10-06 11:58:08.753 [main] base - Validate 'Password is too short (minimum is 6 characters)' error message
[INFO ] 2018-10-06 11:58:08.843 [main] base - Entered 6 digit value in the text field
[INFO ] 2018-10-06 11:58:09.885 [main] base - Clicked on the Sign Up button
[INFO ] 2018-10-06 11:58:09.964 [main] base - Validated 'Password is too short (minimum is 6 characters)' error message' is not shown
[INFO ] 2018-10-06 11:58:09.995 [main] base - Validated 'Password is too short (minimum is 6 characters)' error message' is not shown
[INFO ] 2018-10-06 11:58:10.026 [main] base - Validated 'Password is too short (minimum is 6 characters)' error message' is not shown
[INFO ] 2018-10-06 11:58:10.058 [main] base - Validated 'Password is too short (minimum is 6 characters)' error message' is not shown
[INFO ] 2018-10-06 11:58:10.312 [main] base - Entered the same value for password and confirm password
[INFO ] 2018-10-06 11:58:11.270 [main] base - Clicked on the Sign Up button
[INFO ] 2018-10-06 11:58:11.335 [main] base - Validated 'Password confirmation doesn't match Password' is not shown
[INFO ] 2018-10-06 11:58:11.366 [main] base - Validated 'Password confirmation doesn't match Password' is not shown
[INFO ] 2018-10-06 11:58:11.401 [main] base - Validated 'Password confirmation doesn't match Password' is not shown
[INFO ] 2018-10-06 11:58:11.597 [main] base - Entered different values for password and confirm password
[INFO ] 2018-10-06 11:58:12.738 [main] base - Clicked on the Sign Up button
[ERROR] 2018-10-06 11:58:12.803 [main] base - Validate 'Password confirmation doesn't match Password' error message wasn't shown
[ERROR] 2018-10-06 11:58:12.833 [main] base - Validate 'Password confirmation doesn't match Password' error message wasn't shown
[ERROR] 2018-10-06 11:58:12.865 [main] base - Validate 'Password confirmation doesn't match Password' error message wasn't shown
[ERROR] 2018-10-06 11:58:12.895 [main] base - Validate 'Password confirmation doesn't match Password' error message wasn't shown
[INFO ] 2018-10-06 11:58:13.975 [main] base - Clicked on the Sign Up button
[ERROR] 2018-10-06 11:58:14.036 [main] base - You must agree to the Terms of Use and Privacy Policy error message wasn't shown
[ERROR] 2018-10-06 11:58:14.065 [main] base - You must agree to the Terms of Use and Privacy Policy error message wasn't shown
[ERROR] 2018-10-06 11:58:14.093 [main] base - You must agree to the Terms of Use and Privacy Policy error message wasn't shown
[INFO ] 2018-10-06 11:58:15.262 [main] base - Clicked on the Sign Up button
[INFO ] 2018-10-06 11:58:15.308 [main] base - Validated color of error test message
[INFO ] 2018-10-06 11:58:16.338 [main] base - Clicked on the Sign Up button
[INFO ] 2018-10-06 11:58:16.369 [main] base - Validated background color of error message
[INFO ] 2018-10-06 11:58:17.538 [main] base - Driver has been initialized
[INFO ] 2018-10-06 11:58:34.068 [main] base - Validated QAcademy's facebook page link on HomePage
[INFO ] 2018-10-06 11:58:39.490 [main] base - Validated QAcademy's facebook page link on HomePage
[INFO ] 2018-10-06 11:58:42.893 [main] base - Validated QAcademy's youtube page link on HomePage
[INFO ] 2018-10-06 11:58:46.198 [main] base - Validated QAcademy's youtube page link on HomePage
[INFO ] 2018-10-06 11:58:46.202 [main] base - Advertisement Pop-Up Closed
[INFO ] 2018-10-06 11:58:46.322 [main] base - Home Tab in the Landing page has been verified
[INFO ] 2018-10-06 11:58:46.356 [main] base - Course Tab in the Landing page has been verified
[INFO ] 2018-10-06 11:58:46.390 [main] base - Videos Tab in the Landing page has been verified
[INFO ] 2018-10-06 11:58:46.422 [main] base - Interview Guide Tab in the Landing page has been verified
[INFO ] 2018-10-06 11:58:46.468 [main] base - Practice Tab in the Landing page has been verified
[INFO ] 2018-10-06 11:58:46.501 [main] base - Blog Tab in the Landing page has been verified
[INFO ] 2018-10-06 11:58:46.536 [main] base - About Tab in the Landing page has been verified
[INFO ] 2018-10-06 11:58:46.607 [main] base - Verified the link in the image is as expected
[INFO ] 2018-10-06 11:58:46.720 [main] base - Verified the link in the image is as expected
[INFO ] 2018-10-06 11:58:46.855 [main] base - Verified the link in the text is as expected
[INFO ] 2018-10-06 11:58:46.947 [main] base - Verified the link in the image is as expected
[INFO ] 2018-10-06 11:58:46.985 [main] base - Verified if the discount price is as expected
[INFO ] 2018-10-06 11:58:47.008 [main] base - Verified if the actual cost of the course is as expected
[INFO ] 2018-10-06 11:58:47.552 [main] base - Contact Tab in the Landing page has been verified
[INFO ] 2018-10-06 11:58:50.187 [main] base - Validated QAcademy's About page link on HomePage navigation bar
[INFO ] 2018-10-06 11:58:50.673 [main] base - Contact Tab in the Landing page has been verified
[INFO ] 2018-10-06 11:58:57.774 [main] base - Validated QAcademy's Blog page link on HomePage navigation bar
[INFO ] 2018-10-06 11:58:58.185 [main] base - Contact Tab in the Landing page has been verified
[INFO ] 2018-10-06 11:58:58.938 [main] base - Validated QAcademy's Contact page link on HomePage navigation bar
[INFO ] 2018-10-06 11:58:59.300 [main] base - Contact Tab in the Landing page has been verified
[INFO ] 2018-10-06 11:59:03.414 [main] base - Validated QAcademy's Courses page link on HomePage navigation bar
[INFO ] 2018-10-06 11:59:03.822 [main] base - Contact Tab in the Landing page has been verified
[INFO ] 2018-10-06 11:59:05.132 [main] base - Validated QAcademy's Home page link on HomePage navigation bar
[INFO ] 2018-10-06 11:59:05.560 [main] base - Contact Tab in the Landing page has been verified
[INFO ] 2018-10-06 11:59:06.598 [main] base - Validated QAcademy's Interview Guide page link on HomePage navigation bar
[INFO ] 2018-10-06 11:59:06.978 [main] base - Contact Tab in the Landing page has been verified
[INFO ] 2018-10-06 11:59:08.899 [main] base - Validated QAcademy's Practice page link on HomePage navigation bar
[INFO ] 2018-10-06 11:59:09.287 [main] base - Contact Tab in the Landing page has been verified
[INFO ] 2018-10-06 11:59:10.427 [main] base - Validated QAcademy's Videos page link on HomePage navigation bar
[INFO ] 2018-10-06 11:59:12.129 [main] base - Driver has been initialized
[INFO ] 2018-10-06 11:59:26.704 [main] base - Clicked on the loggin button in the home page
[INFO ] 2018-10-06 11:59:26.980 [main] base - Inserted username and password
[INFO ] 2018-10-06 11:59:28.125 [main] base - clicked on the Login button in the login page
[INFO ] 2018-10-06 11:59:28.162 [main] base - Validate if invalid username password has been displayed
[INFO ] 2018-10-06 11:59:28.235 [main] base - Clicked on the loggin button in the home page
[INFO ] 2018-10-06 11:59:28.236 [main] base - Clicked on the loggin button in the home page
[INFO ] 2018-10-06 11:59:28.264 [main] base - Validated color of error test message
[INFO ] 2018-10-06 11:59:28.291 [main] base - Validated background color of error message
[INFO ] 2018-10-06 11:59:29.750 [main] base - Validated the forget password link in the login page.
[INFO ] 2018-10-06 11:59:45.947 [main] base - Entered into contact page from homepage
[INFO ] 2018-10-06 11:59:46.046 [main] base - Validated contact details lable
[INFO ] 2018-10-06 11:59:46.084 [main] base - Validated contact address
[INFO ] 2018-10-06 11:59:46.151 [main] base - Validated contact phone number
[INFO ] 2018-10-06 11:59:46.264 [main] base - Validate first Email ID
[INFO ] 2018-10-06 11:59:46.372 [main] base - Validate Second Email ID
[INFO ] 2018-10-06 11:59:47.757 [main] base - Driver has been initialized
[INFO ] 2018-10-06 12:00:00.475 [main] base - Validated Practice page link on HomePage
[INFO ] 2018-10-06 12:00:00.497 [main] base - Moved into Practice page
[INFO ] 2018-10-06 12:00:00.546 [main] base - Verified dropdown button title tag
[INFO ] 2018-10-06 12:00:00.939 [main] base - Validated dropdown option 1
[INFO ] 2018-10-06 12:00:01.166 [main] base - Validated dropdown option 2
[INFO ] 2018-10-06 12:00:01.317 [main] base - Validated dropdown option 3
[INFO ] 2018-10-06 12:00:01.353 [main] base - Verified radio button title tag
[INFO ] 2018-10-06 12:00:01.614 [main] base - Verified Suggestion Class Textbox title tag
[INFO ] 2018-10-06 12:00:01.891 [main] base - Verified dropdown button title tag
[INFO ] 2018-10-06 12:00:01.930 [main] base - Verified checkbox lable
[INFO ] 2018-10-06 12:00:02.025 [main] base - Validate checkbox option one is selected
[INFO ] 2018-10-06 12:00:02.207 [main] base - Validate checkbox option two is selected
[INFO ] 2018-10-06 12:00:02.307 [main] base - Validate checkbox option three is selected
[INFO ] 2018-10-06 12:00:02.346 [main] base - Verified Switch Window title tag
[INFO ] 2018-10-06 12:00:02.819 [main] base - Verified Switch Window title tag
[INFO ] 2018-10-06 12:00:03.377 [main] base - Verified Switch Window title tag
[INFO ] 2018-10-06 12:00:03.882 [main] base - Verified Element Displayed title tag
[INFO ] 2018-10-06 12:00:04.005 [main] base - Validated hide button
[INFO ] 2018-10-06 12:00:04.098 [main] base - Validated show button
[INFO ] 2018-10-06 12:00:04.121 [main] base - Verified Switch Window title tag
[INFO ] 2018-10-06 12:00:04.419 [main] base - Verified Mouse Hover title tag
[INFO ] 2018-10-06 12:00:04.641 [main] base - Verified Mouse Hovertop button
[INFO ] 2018-10-06 12:00:07.011 [main] base - Verified Mouse Hovertop reload
[INFO ] 2018-10-06 12:05:36.061 [main] base - Driver has been initialized
[INFO ] 2018-10-06 12:05:46.934 [main] base - Clicked on the close button of the pop-up
[INFO ] 2018-10-06 12:05:49.338 [main] base - Clicked on the loggin button
[INFO ] 2018-10-06 12:05:50.617 [main] base - Clicked on the Sign Up button
[INFO ] 2018-10-06 12:05:50.660 [main] base - Validated 'Email is required' error message
[INFO ] 2018-10-06 12:05:50.961 [main] base - Entered already existing Email ID
[INFO ] 2018-10-06 12:05:51.901 [main] base - Clicked on the Sign Up button
[INFO ] 2018-10-06 12:05:51.934 [main] base - Validated 'Email is already in use' error message
[INFO ] 2018-10-06 12:05:53.061 [main] base - Clicked on the Sign Up button
[INFO ] 2018-10-06 12:05:53.101 [main] base - Validated 'Name is required' error message
[INFO ] 2018-10-06 12:05:54.084 [main] base - Clicked on the Sign Up button
[INFO ] 2018-10-06 12:05:54.126 [main] base - Validated 'Password is required' error message
[INFO ] 2018-10-06 12:05:54.226 [main] base - Entered 5 digit value in the text field
[INFO ] 2018-10-06 12:05:55.252 [main] base - Clicked on the Sign Up button
[INFO ] 2018-10-06 12:05:55.294 [main] base - Validate 'Password is too short (minimum is 6 characters)' error message
[INFO ] 2018-10-06 12:05:55.384 [main] base - Entered 6 digit value in the text field
[INFO ] 2018-10-06 12:05:56.377 [main] base - Clicked on the Sign Up button
[INFO ] 2018-10-06 12:05:56.451 [main] base - Validated 'Password is too short (minimum is 6 characters)' error message' is not shown
[INFO ] 2018-10-06 12:05:56.486 [main] base - Validated 'Password is too short (minimum is 6 characters)' error message' is not shown
[INFO ] 2018-10-06 12:05:56.515 [main] base - Validated 'Password is too short (minimum is 6 characters)' error message' is not shown
[INFO ] 2018-10-06 12:05:56.546 [main] base - Validated 'Password is too short (minimum is 6 characters)' error message' is not shown
[INFO ] 2018-10-06 12:05:56.819 [main] base - Entered the same value for password and confirm password
[INFO ] 2018-10-06 12:05:58.101 [main] base - Clicked on the Sign Up button
[INFO ] 2018-10-06 12:05:58.168 [main] base - Validated 'Password confirmation doesn't match Password' is not shown
[INFO ] 2018-10-06 12:05:58.198 [main] base - Validated 'Password confirmation doesn't match Password' is not shown
[INFO ] 2018-10-06 12:05:58.228 [main] base - Validated 'Password confirmation doesn't match Password' is not shown
[INFO ] 2018-10-06 12:05:58.445 [main] base - Entered different values for password and confirm password
[INFO ] 2018-10-06 12:05:59.564 [main] base - Clicked on the Sign Up button
[ERROR] 2018-10-06 12:05:59.627 [main] base - Validate 'Password confirmation doesn't match Password' error message wasn't shown
[ERROR] 2018-10-06 12:05:59.657 [main] base - Validate 'Password confirmation doesn't match Password' error message wasn't shown
[ERROR] 2018-10-06 12:05:59.691 [main] base - Validate 'Password confirmation doesn't match Password' error message wasn't shown
[ERROR] 2018-10-06 12:05:59.723 [main] base - Validate 'Password confirmation doesn't match Password' error message wasn't shown
[INFO ] 2018-10-06 12:06:00.766 [main] base - Clicked on the Sign Up button
[ERROR] 2018-10-06 12:06:00.829 [main] base - You must agree to the Terms of Use and Privacy Policy error message wasn't shown
[ERROR] 2018-10-06 12:06:00.861 [main] base - You must agree to the Terms of Use and Privacy Policy error message wasn't shown
[ERROR] 2018-10-06 12:06:00.890 [main] base - You must agree to the Terms of Use and Privacy Policy error message wasn't shown
[INFO ] 2018-10-06 12:06:01.841 [main] base - Clicked on the Sign Up button
[INFO ] 2018-10-06 12:06:01.881 [main] base - Validated color of error test message
[INFO ] 2018-10-06 12:06:02.808 [main] base - Clicked on the Sign Up button
[INFO ] 2018-10-06 12:06:02.837 [main] base - Validated background color of error message
[INFO ] 2018-10-06 12:06:04.164 [main] base - Driver has been initialized
[INFO ] 2018-10-06 12:06:21.187 [main] base - Validated QAcademy's facebook page link on HomePage
[INFO ] 2018-10-06 12:06:28.296 [main] base - Validated QAcademy's facebook page link on HomePage
[INFO ] 2018-10-06 12:06:31.932 [main] base - Validated QAcademy's youtube page link on HomePage
[INFO ] 2018-10-06 12:06:35.405 [main] base - Validated QAcademy's youtube page link on HomePage
[INFO ] 2018-10-06 12:06:35.411 [main] base - Advertisement Pop-Up Closed
[INFO ] 2018-10-06 12:06:35.578 [main] base - Home Tab in the Landing page has been verified
[INFO ] 2018-10-06 12:06:35.608 [main] base - Course Tab in the Landing page has been verified
[INFO ] 2018-10-06 12:06:35.645 [main] base - Videos Tab in the Landing page has been verified
[INFO ] 2018-10-06 12:06:35.683 [main] base - Interview Guide Tab in the Landing page has been verified
[INFO ] 2018-10-06 12:06:35.717 [main] base - Practice Tab in the Landing page has been verified
[INFO ] 2018-10-06 12:06:35.750 [main] base - Blog Tab in the Landing page has been verified
[INFO ] 2018-10-06 12:06:35.786 [main] base - About Tab in the Landing page has been verified
[INFO ] 2018-10-06 12:06:35.858 [main] base - Verified the link in the image is as expected
[INFO ] 2018-10-06 12:06:35.963 [main] base - Verified the link in the image is as expected
[INFO ] 2018-10-06 12:06:36.056 [main] base - Verified the link in the text is as expected
[INFO ] 2018-10-06 12:06:36.171 [main] base - Verified the link in the image is as expected
[INFO ] 2018-10-06 12:06:36.233 [main] base - Verified if the discount price is as expected
[INFO ] 2018-10-06 12:06:36.298 [main] base - Verified if the actual cost of the course is as expected
[INFO ] 2018-10-06 12:06:36.939 [main] base - Contact Tab in the Landing page has been verified
[INFO ] 2018-10-06 12:06:39.567 [main] base - Validated QAcademy's About page link on HomePage navigation bar
[INFO ] 2018-10-06 12:06:40.085 [main] base - Contact Tab in the Landing page has been verified
[INFO ] 2018-10-06 12:06:43.016 [main] base - Validated QAcademy's Blog page link on HomePage navigation bar
[INFO ] 2018-10-06 12:06:43.888 [main] base - Contact Tab in the Landing page has been verified
[INFO ] 2018-10-06 12:06:44.875 [main] base - Validated QAcademy's Contact page link on HomePage navigation bar
[INFO ] 2018-10-06 12:06:45.337 [main] base - Contact Tab in the Landing page has been verified
[INFO ] 2018-10-06 12:06:49.250 [main] base - Validated QAcademy's Courses page link on HomePage navigation bar
[INFO ] 2018-10-06 12:06:49.655 [main] base - Contact Tab in the Landing page has been verified
[INFO ] 2018-10-06 12:06:51.103 [main] base - Validated QAcademy's Home page link on HomePage navigation bar
[INFO ] 2018-10-06 12:06:51.594 [main] base - Contact Tab in the Landing page has been verified
[INFO ] 2018-10-06 12:06:52.690 [main] base - Validated QAcademy's Interview Guide page link on HomePage navigation bar
[INFO ] 2018-10-06 12:06:53.172 [main] base - Contact Tab in the Landing page has been verified
[INFO ] 2018-10-06 12:06:55.018 [main] base - Validated QAcademy's Practice page link on HomePage navigation bar
[INFO ] 2018-10-06 12:06:55.583 [main] base - Contact Tab in the Landing page has been verified
[INFO ] 2018-10-06 12:06:56.584 [main] base - Validated QAcademy's Videos page link on HomePage navigation bar
[INFO ] 2018-10-06 12:06:58.572 [main] base - Driver has been initialized
[INFO ] 2018-10-06 12:07:12.307 [main] base - Clicked on the loggin button in the home page
[INFO ] 2018-10-06 12:07:12.559 [main] base - Inserted username and password
[INFO ] 2018-10-06 12:07:13.788 [main] base - clicked on the Login button in the login page
[INFO ] 2018-10-06 12:07:13.828 [main] base - Validate if invalid username password has been displayed
[INFO ] 2018-10-06 12:07:13.898 [main] base - Clicked on the loggin button in the home page
[INFO ] 2018-10-06 12:07:13.899 [main] base - Clicked on the loggin button in the home page
[INFO ] 2018-10-06 12:07:13.924 [main] base - Validated color of error test message
[INFO ] 2018-10-06 12:07:13.951 [main] base - Validated background color of error message
[INFO ] 2018-10-06 12:07:15.482 [main] base - Validated the forget password link in the login page.
[INFO ] 2018-10-06 12:07:32.140 [main] base - Entered into contact page from homepage
[INFO ] 2018-10-06 12:07:32.244 [main] base - Validated contact details lable
[INFO ] 2018-10-06 12:07:32.282 [main] base - Validated contact address
[INFO ] 2018-10-06 12:07:32.342 [main] base - Validated contact phone number
[INFO ] 2018-10-06 12:07:32.456 [main] base - Validate first Email ID
[INFO ] 2018-10-06 12:07:32.570 [main] base - Validate Second Email ID
[INFO ] 2018-10-06 12:07:34.329 [main] base - Driver has been initialized
[INFO ] 2018-10-06 12:07:47.155 [main] base - Validated Practice page link on HomePage
[INFO ] 2018-10-06 12:07:47.166 [main] base - Moved into Practice page
[INFO ] 2018-10-06 12:07:47.205 [main] base - Verified dropdown button title tag
[INFO ] 2018-10-06 12:07:47.334 [main] base - Validated dropdown option 1
[INFO ] 2018-10-06 12:07:47.689 [main] base - Validated dropdown option 2
[INFO ] 2018-10-06 12:07:47.773 [main] base - Validated dropdown option 3
[INFO ] 2018-10-06 12:07:47.811 [main] base - Verified radio button title tag
[INFO ] 2018-10-06 12:07:48.148 [main] base - Verified Suggestion Class Textbox title tag
[INFO ] 2018-10-06 12:07:48.374 [main] base - Verified dropdown button title tag
[INFO ] 2018-10-06 12:07:48.416 [main] base - Verified checkbox lable
[INFO ] 2018-10-06 12:07:48.509 [main] base - Validate checkbox option one is selected
[INFO ] 2018-10-06 12:07:48.594 [main] base - Validate checkbox option two is selected
[INFO ] 2018-10-06 12:07:48.703 [main] base - Validate checkbox option three is selected
[INFO ] 2018-10-06 12:07:48.751 [main] base - Verified Switch Window title tag
[INFO ] 2018-10-06 12:07:49.376 [main] base - Verified Switch Window title tag
[INFO ] 2018-10-06 12:07:50.066 [main] base - Verified Switch Window title tag
[INFO ] 2018-10-06 12:07:50.574 [main] base - Verified Element Displayed title tag
[INFO ] 2018-10-06 12:07:50.743 [main] base - Validated hide button
[INFO ] 2018-10-06 12:07:50.842 [main] base - Validated show button
[INFO ] 2018-10-06 12:07:50.864 [main] base - Verified Switch Window title tag
[INFO ] 2018-10-06 12:07:51.308 [main] base - Verified Mouse Hover title tag
[INFO ] 2018-10-06 12:07:51.664 [main] base - Verified Mouse Hovertop button
[INFO ] 2018-10-06 12:07:53.961 [main] base - Verified Mouse Hovertop reload
