[INFO ] 2018-08-16 00:02:20.311 [main] base - Entered into contact page from homepage
[INFO ] 2018-08-16 00:02:20.423 [main] base - Validated contact details lable
[INFO ] 2018-08-16 00:02:20.471 [main] base - Validated contact address
[INFO ] 2018-08-16 00:02:20.543 [main] base - Validated contact phone number
[INFO ] 2018-08-16 00:02:20.657 [main] base - Validate first Email ID
[INFO ] 2018-08-16 00:02:20.786 [main] base - Validate Second Email ID
[INFO ] 2018-08-16 00:06:06.161 [main] base - Entered into contact page from homepage
[INFO ] 2018-08-16 00:06:06.269 [main] base - Validated contact details lable
[INFO ] 2018-08-16 00:06:06.308 [main] base - Validated contact address
[INFO ] 2018-08-16 00:06:06.393 [main] base - Validated contact phone number
[INFO ] 2018-08-16 00:06:06.510 [main] base - Validate first Email ID
[INFO ] 2018-08-16 00:06:06.631 [main] base - Validate Second Email ID
[INFO ] 2018-08-16 00:07:24.385 [main] base - Entered into contact page from homepage
[INFO ] 2018-08-16 00:07:24.537 [main] base - Validated contact details lable
[INFO ] 2018-08-16 00:07:24.578 [main] base - Validated contact address
[INFO ] 2018-08-16 00:07:24.648 [main] base - Validated contact phone number
[INFO ] 2018-08-16 00:07:24.784 [main] base - Validate first Email ID
[INFO ] 2018-08-16 00:07:24.913 [main] base - Validate Second Email ID
[INFO ] 2018-08-16 00:09:00.794 [main] base - Entered into contact page from homepage
[INFO ] 2018-08-16 00:09:00.918 [main] base - Validated contact details lable
[INFO ] 2018-08-16 00:09:00.960 [main] base - Validated contact address
[INFO ] 2018-08-16 00:09:01.027 [main] base - Validated contact phone number
[INFO ] 2018-08-16 00:09:01.157 [main] base - Validate first Email ID
[INFO ] 2018-08-16 00:09:01.271 [main] base - Validate Second Email ID
[INFO ] 2018-08-16 00:10:42.479 [main] base - Entered into contact page from homepage
[INFO ] 2018-08-16 00:10:42.598 [main] base - Validated contact details lable
[INFO ] 2018-08-16 00:10:42.638 [main] base - Validated contact address
[INFO ] 2018-08-16 00:10:42.703 [main] base - Validated contact phone number
[INFO ] 2018-08-16 00:10:42.816 [main] base - Validate first Email ID
[INFO ] 2018-08-16 00:10:42.944 [main] base - Validate Second Email ID
[INFO ] 2018-08-16 00:16:37.866 [main] base - Entered into contact page from homepage
[INFO ] 2018-08-16 00:16:37.969 [main] base - Validated contact details lable
[INFO ] 2018-08-16 00:16:38.027 [main] base - Validated contact address
[INFO ] 2018-08-16 00:16:38.096 [main] base - Validated contact phone number
[INFO ] 2018-08-16 00:16:38.209 [main] base - Validate first Email ID
[INFO ] 2018-08-16 00:16:38.342 [main] base - Validate Second Email ID
[INFO ] 2018-08-16 00:21:07.542 [main] base - Entered into contact page from homepage
[INFO ] 2018-08-16 00:21:07.647 [main] base - Validated contact details lable
[INFO ] 2018-08-16 00:21:07.686 [main] base - Validated contact address
[INFO ] 2018-08-16 00:21:07.753 [main] base - Validated contact phone number
[INFO ] 2018-08-16 00:21:07.876 [main] base - Validate first Email ID
[INFO ] 2018-08-16 00:21:07.995 [main] base - Validate Second Email ID
[INFO ] 2018-08-16 00:22:00.691 [main] base - Entered into contact page from homepage
[INFO ] 2018-08-16 00:22:00.796 [main] base - Validated contact details lable
[INFO ] 2018-08-16 00:22:00.858 [main] base - Validated contact address
[INFO ] 2018-08-16 00:22:00.934 [main] base - Validated contact phone number
[INFO ] 2018-08-16 00:22:01.057 [main] base - Validate first Email ID
[INFO ] 2018-08-16 00:22:01.200 [main] base - Validate Second Email ID
[INFO ] 2018-08-16 00:25:06.301 [main] base - Entered into contact page from homepage
[INFO ] 2018-08-16 00:25:06.420 [main] base - Validated contact details lable
[INFO ] 2018-08-16 00:25:06.461 [main] base - Validated contact address
[INFO ] 2018-08-16 00:25:06.529 [main] base - Validated contact phone number
[INFO ] 2018-08-16 00:25:06.645 [main] base - Validate first Email ID
[INFO ] 2018-08-16 00:25:06.778 [main] base - Validate Second Email ID
[INFO ] 2018-08-16 00:27:19.684 [main] base - Entered into contact page from homepage
[INFO ] 2018-08-16 00:27:19.807 [main] base - Validated contact details lable
[INFO ] 2018-08-16 00:27:19.851 [main] base - Validated contact address
[INFO ] 2018-08-16 00:27:19.937 [main] base - Validated contact phone number
[INFO ] 2018-08-16 00:27:20.073 [main] base - Validate first Email ID
[INFO ] 2018-08-16 00:27:20.207 [main] base - Validate Second Email ID
[INFO ] 2018-08-16 00:29:47.346 [main] base - Entered into contact page from homepage
[INFO ] 2018-08-16 00:29:47.448 [main] base - Validated contact details lable
[INFO ] 2018-08-16 00:29:47.502 [main] base - Validated contact address
[INFO ] 2018-08-16 00:29:47.574 [main] base - Validated contact phone number
[INFO ] 2018-08-16 00:29:47.696 [main] base - Validate first Email ID
[INFO ] 2018-08-16 00:29:47.835 [main] base - Validate Second Email ID
[INFO ] 2018-08-16 00:37:05.018 [main] base - Entered into contact page from homepage
[INFO ] 2018-08-16 00:37:05.139 [main] base - Validated contact details lable
[INFO ] 2018-08-16 00:37:05.760 [main] base - Validated contact phone number
[INFO ] 2018-08-16 00:37:05.886 [main] base - Validate first Email ID
[INFO ] 2018-08-16 00:37:06.038 [main] base - Validate Second Email ID
[INFO ] 2018-08-16 00:38:09.185 [main] base - Entered into contact page from homepage
[INFO ] 2018-08-16 00:38:09.285 [main] base - Validated contact details lable
[INFO ] 2018-08-16 00:38:09.328 [main] base - Validated contact address
[INFO ] 2018-08-16 00:38:09.395 [main] base - Validated contact phone number
[INFO ] 2018-08-16 00:38:09.504 [main] base - Validate first Email ID
[INFO ] 2018-08-16 00:38:09.620 [main] base - Validate Second Email ID
[INFO ] 2018-08-16 19:53:04.464 [main] base - Driver has been initialized
[INFO ] 2018-08-16 20:08:04.133 [main] base - Driver has been initialized
[INFO ] 2018-08-16 20:08:14.889 [main] base - Clicked on the close button of the pop-up
[INFO ] 2018-08-16 20:08:17.307 [main] base - Clicked on the loggin button
[INFO ] 2018-08-16 20:08:21.220 [main] base - Clicked on the Sign Up button
[INFO ] 2018-08-16 20:08:21.263 [main] base - Validated 'Email is required' error message
[INFO ] 2018-08-16 20:09:34.593 [main] base - Driver has been initialized
[INFO ] 2018-08-16 20:10:21.406 [main] base - Clicked on the close button of the pop-up
[INFO ] 2018-08-16 20:10:28.650 [main] base - Clicked on the loggin button
[INFO ] 2018-08-16 20:10:41.781 [main] base - Clicked on the Sign Up button
[INFO ] 2018-08-16 20:10:41.829 [main] base - Validated 'Email is required' error message
